2025-09-26 15:04:05,450 DEBUG Using proactor: IocpProactor
2025-09-26 15:04:58,443 DEBUG WebSocket connection accepted
2025-09-26 15:04:58,506 ERROR WebSocket processing error: (1006, None)
2025-09-26 15:04:58,515 INFO WebSocket disconnected: code=1006, reason=
2025-09-26 15:04:58,524 DEBUG Closing WebSocket connection
2025-09-26 15:05:00,627 DEBUG WebSocket connection accepted
2025-09-26 15:05:00,655 ERROR WebSocket processing error: (1006, None)
2025-09-26 15:05:00,656 INFO WebSocket disconnected: code=1006, reason=
2025-09-26 15:05:00,657 DEBUG Closing WebSocket connection
2025-09-26 15:05:00,677 DEBUG WebSocket connection accepted
2025-09-26 15:05:00,743 DEBUG WebSocket connection accepted
2025-09-26 15:05:00,791 DEBUG WebSocket connection accepted
2025-09-26 15:05:00,813 DEBUG Received message: {
  "type": "config",
  "model": "alpha",
  "sequenceNum": 90
}
2025-09-26 15:05:00,814 INFO Config updated: model=alpha, sequenceNum=90
2025-09-26 15:05:06,903 DEBUG Received message: {
  "type": "reset"
}
2025-09-26 15:05:06,904 INFO Buffer reset
2025-09-26 15:05:07,419 DEBUG Received message: {
  "type": "frame",
  "landmarks": null
}
2025-09-26 15:05:07,419 INFO Frame received: count=1, landmarks=null
2025-09-26 15:05:07,779 DEBUG Received message: {
  "type": "frame",
  "landmarks": [
    0.044100552797317505,
    0.3467695116996765,
    0,
    0.1064138412475586,
    0.2858355641365051,
    0,
    0.14404436945915222,
    0.17531540989875793,
    0,
    0.1579590141773224,
    0.07576301693916321,
    0,
    0.17268219590187073,
    0,
    0,
    0.11218520998954773,
    0.10232928395271301,
    0,
    0.12225010991096497,
    0.048352956771850586,
    0,
    0.11563721299171448,
    0.1210465133190155,
    0,
    0.10866698622703552,
    0.18771594762802124,
    0,
    0.07574853301048279,
    0.10111933946609497,
    0,
    0.09159183502197266,
    0.05039876699447632,
    0,
    0.0893062949180603,
    0.1439397931098938,
    0,
    0.08313485980033875,
    0.22194331884384155,
    0,
    0.03936898708343506,
    0.10530990362167358,
    0,
    0.05809089541435242,
    0.046020686626434326,
    0,
    0.06226179003715515,
    0.13864338397979736,
    0,
    0.05867111682891846,
    0.2165675163269043,
    0,
    0,
    0.11614865064620972,
    0,
    0.021334320306777954,
    0.0608866810798645,
    0,
    0.03140106797218323,
    0.12283498048782349,
    0,
    0.03196421265602112,
    0.18148696422576904,
    0
  ]
}
2025-09-26 15:05:07,781 INFO Frame received: count=2, landmarks=valid
2025-09-26 15:05:08,078 DEBUG Received message: {
  "type": "frame",
  "landmarks": [
    0.04563450813293457,
    0.3070325553417206,
    0,
    0.10110840201377869,
    0.2546063959598541,
    0,
    0.13264787197113037,
    0.16109231114387512,
    0,
    0.1375998854637146,
    0.06808033585548401,
    0,
    0.14271602034568787,
    0,
    0,
    0.10234344005584717,
    0.10049977898597717,
    0,
    0.10765746235847473,
    0.04980286955833435,
    0,
    0.10026353597640991,
    0.11791160702705383,
    0,
    0.09416982531547546,
    0.18217769265174866,
    0,
    0.0669245719909668,
    0.10527780652046204,
    0,
    0.07585299015045166,
    0.04958948493003845,
    0,
    0.07129162549972534,
    0.13526836037635803,
    0,
    0.06701332330703735,
    0.2087678611278534,
    0,
    0.034128814935684204,
    0.11302962899208069,
    0,
    0.044440895318984985,
    0.05808326601982117,
    0,
    0.046023935079574585,
    0.14294055104255676,
    0,
    0.04486915469169617,
    0.21215388178825378,
    0,
    0,
    0.1257619559764862,
    0,
    0.0129585862159729,
    0.07687178254127502,
    0,
    0.019215047359466553,
    0.1354602873325348,
    0,
    0.02047666907310486,
    0.18619033694267273,
    0
  ]
}
2025-09-26 15:05:08,080 INFO Frame received: count=3, landmarks=valid
2025-09-26 15:05:08,368 DEBUG Received message: {
  "type": "frame",
  "landmarks": [
    0.042179256677627563,
    0.3062761425971985,
    0,
    0.09635895490646362,
    0.2499271035194397,
    0,
    0.12752053141593933,
    0.15626347064971924,
    0,
    0.13381758332252502,
    0.06965261697769165,
    0,
    0.1376413106918335,
    0,
    0,
    0.09872734546661377,
    0.09553295373916626,
    0,
    0.1058325469493866,
    0.044196367263793945,
    0,
    0.10027015209197998,
    0.10377120971679688,
    0,
    0.09410151839256287,
    0.1612546443939209,
    0,
    0.06657671928405762,
    0.09804296493530273,
    0,
    0.07681506872177124,
    0.048384785652160645,
    0,
    0.07295608520507812,
    0.12704139947891235,
    0,
    0.06711539626121521,
    0.19527697563171387,
    0,
    0.03432556986808777,
    0.10453885793685913,
    0,
    0.04646235704421997,
    0.051449596881866455,
    0,
    0.04897841811180115,
    0.13110250234603882,
    0,
    0.046902596950531006,
    0.1976894736289978,
    0,
    0,
    0.11659955978393555,
    0,
    0.016786783933639526,
    0.0670061707496643,
    0,
    0.023474842309951782,
    0.12140917778015137,
    0,
    0.0227338969707489,
    0.16990536451339722,
    0
  ]
}
2025-09-26 15:05:08,370 INFO Frame received: count=4, landmarks=valid
2025-09-26 15:05:08,726 DEBUG Received message: {
  "type": "frame",
  "landmarks": [
    0.03946465253829956,
    0.3139756917953491,
    0,
    0.09424751996994019,
    0.25704365968704224,
    0,
    0.12476122379302979,
    0.16235250234603882,
    0,
    0.13229355216026306,
    0.07140713930130005,
    0,
    0.1346607506275177,
    0,
    0,
    0.09836497902870178,
    0.10087716579437256,
    0,
    0.10177212953567505,
    0.04502594470977783,
    0,
    0.09555390477180481,
    0.10674184560775757,
    0,
    0.09151774644851685,
    0.1664755940437317,
    0,
    0.065469890832901,
    0.10512137413024902,
    0,
    0.07254865765571594,
    0.051267921924591064,
    0,
    0.06968232989311218,
    0.13054519891738892,
    0,
    0.06569832563400269,
    0.199940025806427,
    0,
    0.03335949778556824,
    0.11286067962646484,
    0,
    0.04327392578125,
    0.056241393089294434,
    0,
    0.04610821604728699,
    0.13487303256988525,
    0,
    0.044792383909225464,
    0.20253437757492065,
    0,
    0,
    0.1250903606414795,
    0,
    0.014361411333084106,
    0.07390284538269043,
    0,
    0.021582722663879395,
    0.12894964218139648,
    0,
    0.02260008454322815,
    0.18041455745697021,
    0
  ]
}
2025-09-26 15:05:08,727 INFO Frame received: count=5, landmarks=valid
2025-09-26 15:05:09,096 DEBUG Received message: {
  "type": "frame",
  "landmarks": [
    0.04302129149436951,
    0.30482345819473267,
    0,
    0.09488266706466675,
    0.2460423707962036,
    0,
    0.12535196542739868,
    0.15411454439163208,
    0,
    0.13235032558441162,
    0.07011151313781738,
    0,
    0.12806791067123413,
    0,
    0,
    0.09706848859786987,
    0.09265148639678955,
    0,
    0.10197371244430542,
    0.04757547378540039,
    0,
    0.0962592363357544,
    0.10662531852722168,
    0,
    0.09113204479217529,
    0.16194391250610352,
    0,
    0.0654497742652893,
    0.09621822834014893,
    0,
    0.07603025436401367,
    0.047743022441864014,
    0,
    0.07245773077011108,
    0.12560629844665527,
    0,
    0.06695237755775452,
    0.19236165285110474,
    0,
    0.03379189968109131,
    0.10407388210296631,
    0,
    0.046622127294540405,
    0.05079233646392822,
    0,
    0.04908937215805054,
    0.12932568788528442,
    0,
    0.04634067416191101,
    0.1948474645614624,
    0,
    0,
    0.11778885126113892,
    0,
    0.01653987169265747,
    0.06691193580627441,
    0,
    0.023641973733901978,
    0.12020289897918701,
    0,
    0.023031949996948242,
    0.1689591407775879,
    0
  ]
}
2025-09-26 15:05:09,098 INFO Frame received: count=6, landmarks=valid
2025-09-26 15:05:09,595 DEBUG Received message: {
  "type": "frame",
  "landmarks": [
    0.04379156231880188,
    0.28509271144866943,
    0,
    0.09267663955688477,
    0.2304854393005371,
    0,
    0.12455818057060242,
    0.14573514461517334,
    0,
    0.13065621256828308,
    0.06477499008178711,
    0,
    0.11606371402740479,
    0,
    0,
    0.09493860602378845,
    0.07394415140151978,
    0,
    0.10207906365394592,
    0.025118887424468994,
    0,
    0.09584477543830872,
    0.08714747428894043,
    0,
    0.08920904994010925,
    0.14608144760131836,
    0,
    0.06441256403923035,
    0.07712769508361816,
    0,
    0.07617408037185669,
    0.03234773874282837,
    0,
    0.0722038745880127,
    0.11140477657318115,
    0,
    0.06582209467887878,
    0.17764675617218018,
    0,
    0.03331500291824341,
    0.08634591102600098,
    0,
    0.047415077686309814,
    0.03566640615463257,
    0,
    0.048945218324661255,
    0.11668986082077026,
    0,
    0.045299261808395386,
    0.18317008018493652,
    0,
    0,
    0.10164052248001099,
    0,
    0.017093777656555176,
    0.05460619926452637,
    0,
    0.023156583309173584,
    0.10906064510345459,
    0,
    0.022114843130111694,
    0.15790867805480957,
    0
  ]
}
2025-09-26 15:05:09,597 INFO Frame received: count=7, landmarks=valid
2025-09-26 15:05:10,003 DEBUG Received message: {
  "type": "frame",
  "landmarks": [
    0.04086342453956604,
    0.2698027491569519,
    0,
    0.09186926484107971,
    0.2133185863494873,
    0,
    0.12382617592811584,
    0.130795419216156,
    0,
    0.12878704071044922,
    0.052420973777770996,
    0,
    0.10657042264938354,
    0,
    0,
    0.09388691186904907,
    0.06093412637710571,
    0,
    0.10074597597122192,
    0.012449264526367188,
    0,
    0.09555703401565552,
    0.07285147905349731,
    0,
    0.08911678194999695,
    0.1307467818260193,
    0,
    0.06362110376358032,
    0.06245839595794678,
    0,
    0.07523918151855469,
    0.015755057334899902,
    0,
    0.07154703140258789,
    0.09124118089675903,
    0,
    0.06480401754379272,
    0.15709459781646729,
    0,
    0.03286886215209961,
    0.06889820098876953,
    0,
    0.04727703332901001,
    0.018854379653930664,
    0,
    0.04865354299545288,
    0.09477239847183228,
    0,
    0.04443523287773132,
    0.1593484878540039,
    0,
    0,
    0.0808720588684082,
    0,
    0.018413007259368896,
    0.034488558769226074,
    0,
    0.024456381797790527,
    0.08401894569396973,
    0,
    0.022606611251831055,
    0.13076186180114746,
    0
  ]
}
2025-09-26 15:05:10,005 INFO Frame received: count=8, landmarks=valid
2025-09-26 15:05:10,332 DEBUG Received message: {
  "type": "frame",
  "landmarks": [
    0.03889590501785278,
    0.2665380835533142,
    0,
    0.08918040990829468,
    0.2082451581954956,
    0,
    0.12242135405540466,
    0.12842589616775513,
    0,
    0.12979057431221008,
    0.050948143005371094,
    0,
    0.10622859001159668,
    0,
    0,
    0.0939568281173706,
    0.0547184944152832,
    0,
    0.10088914632797241,
    0.0014687776565551758,
    0,
    0.09680092334747314,
    0.06096881628036499,
    0,
    0.09205150604248047,
    0.11833655834197998,
    0,
    0.06339997053146362,
    0.05657428503036499,
    0,
    0.0736725926399231,
    0.011487901210784912,
    0,
    0.07047268748283386,
    0.0879252552986145,
    0,
    0.06472408771514893,
    0.1541120409965515,
    0,
    0.032409340143203735,
    0.06289935111999512,
    0,
    0.04516783356666565,
    0.018848538398742676,
    0,
    0.04600861668586731,
    0.09365534782409668,
    0,
    0.042233794927597046,
    0.1570659875869751,
    0,
    0,
    0.07391858100891113,
    0,
    0.016962885856628418,
    0.029726266860961914,
    0,
    0.022575736045837402,
    0.07897013425827026,
    0,
    0.020935386419296265,
    0.12570947408676147,
    0
  ]
}
2025-09-26 15:05:10,334 INFO Frame received: count=9, landmarks=valid
2025-09-26 15:05:10,716 DEBUG Received message: {
  "type": "frame",
  "landmarks": [
    0.039857447147369385,
    0.27032577991485596,
    0,
    0.09124726057052612,
    0.20766711235046387,
    0,
    0.12363150715827942,
    0.1272783875465393,
    0,
    0.13090932369232178,
    0.049860358238220215,
    0,
    0.1068059504032135,
    0.002768218517303467,
    0,
    0.09326320886611938,
    0.054997801780700684,
    0,
    0.10149642825126648,
    0,
    0,
    0.09709054231643677,
    0.05930668115615845,
    0,
    0.09036910533905029,
    0.11855536699295044,
    0,
    0.06352180242538452,
    0.056707799434661865,
    0,
    0.0750679075717926,
    0.008435845375061035,
    0,
    0.07097417116165161,
    0.08205801248550415,
    0,
    0.06409239768981934,
    0.1477716565132141,
    0,
    0.03279024362564087,
    0.06346607208251953,
    0,
    0.04712650179862976,
    0.015178084373474121,
    0,
    0.04775971174240112,
    0.08970344066619873,
    0,
    0.04349076747894287,
    0.15463829040527344,
    0,
    0,
    0.07626670598983765,
    0,
    0.019299626350402832,
    0.0295599102973938,
    0,
    0.025250375270843506,
    0.07732993364334106,
    0,
    0.023441672325134277,
    0.12400078773498535,
    0
  ]
}
2025-09-26 15:05:10,727 INFO Frame received: count=10, landmarks=valid
2025-09-26 15:05:11,109 DEBUG Received message: {
  "type": "frame",
  "landmarks": [
    0.037654489278793335,
    0.26114600896835327,
    0,
    0.08569139242172241,
    0.2088909149169922,
    0,
    0.11700451374053955,
    0.13242042064666748,
    0,
    0.12402433156967163,
    0.05680018663406372,
    0,
    0.10584557056427002,
    0,
    0,
    0.08934366703033447,
    0.06272315979003906,
    0,
    0.09719526767730713,
    0.015437901020050049,
    0,
    0.09200212359428406,
    0.07409518957138062,
    0,
    0.08557665348052979,
    0.13064032793045044,
    0,
    0.060730576515197754,
    0.06308245658874512,
    0,
    0.07374009490013123,
    0.021273374557495117,
    0,
    0.06920909881591797,
    0.09477907419204712,
    0,
    0.06187474727630615,
    0.15823692083358765,
    0,
    0.03145110607147217,
    0.06781190633773804,
    0,
    0.047550052404403687,
    0.025625109672546387,
    0,
    0.04713413119316101,
    0.0996670126914978,
    0,
    0.04167598485946655,
    0.16159194707870483,
    0,
    0,
    0.07683455944061279,
    0,
    0.019392430782318115,
    0.034084200859069824,
    0,
    0.023895353078842163,
    0.08294153213500977,
    0,
    0.021036475896835327,
    0.1282220482826233,
    0
  ]
}
2025-09-26 15:05:11,110 INFO Frame received: count=11, landmarks=valid
2025-09-26 15:05:11,447 DEBUG Received message: {
  "type": "frame",
  "landmarks": [
    0.037925153970718384,
    0.2627522945404053,
    0,
    0.08664804697036743,
    0.20790761709213257,
    0,
    0.11805450916290283,
    0.1324397325515747,
    0,
    0.12627747654914856,
    0.058451831340789795,
    0,
    0.10964098572731018,
    0,
    0,
    0.08950182795524597,
    0.061574578285217285,
    0,
    0.09596967697143555,
    0.017877280712127686,
    0,
    0.09151846170425415,
    0.07644516229629517,
    0,
    0.08604419231414795,
    0.13257116079330444,
    0,
    0.0606769323348999,
    0.06195223331451416,
    0,
    0.07306203246116638,
    0.019345223903656006,
    0,
    0.07029798626899719,
    0.09394866228103638,
    0,
    0.06417012214660645,
    0.1585545539855957,
    0,
    0.03148564696311951,
    0.06695681810379028,
    0,
    0.046763449907302856,
    0.023044824600219727,
    0,
    0.04752594232559204,
    0.09672772884368896,
    0,
    0.04271969199180603,
    0.15839803218841553,
    0,
    0,
    0.07694464921951294,
    0,
    0.018873661756515503,
    0.0335271954536438,
    0,
    0.024167120456695557,
    0.0829620361328125,
    0,
    0.021740972995758057,
    0.12932723760604858,
    0
  ]
}
2025-09-26 15:05:11,449 INFO Frame received: count=12, landmarks=valid
2025-09-26 15:05:11,943 DEBUG Received message: {
  "type": "frame",
  "landmarks": [
    0.039982348680496216,
    0.2726532816886902,
    0,
    0.08799508213996887,
    0.2153916358947754,
    0,
    0.11803913116455078,
    0.13518643379211426,
    0,
    0.12685734033584595,
    0.06121271848678589,
    0,
    0.11507362127304077,
    0,
    0,
    0.08757078647613525,
    0.0645032525062561,
    0,
    0.0964987576007843,
    0.018294811248779297,
    0,
    0.09418466687202454,
    0.0778006911277771,
    0,
    0.08992823958396912,
    0.13359373807907104,
    0,
    0.06000027060508728,
    0.06652885675430298,
    0,
    0.07429283857345581,
    0.021750271320343018,
    0,
    0.0724087655544281,
    0.09788250923156738,
    0,
    0.0665232241153717,
    0.16156184673309326,
    0,
    0.03127512335777283,
    0.07310569286346436,
    0,
    0.04826536774635315,
    0.026215195655822754,
    0,
    0.050345033407211304,
    0.10124009847640991,
    0,
    0.04591432213783264,
    0.1636441946029663,
    0,
    0,
    0.0852513313293457,
    0,
    0.020010709762573242,
    0.037195801734924316,
    0,
    0.026152968406677246,
    0.08633965253829956,
    0,
    0.023493140935897827,
    0.1336590051651001,
    0
  ]
}
2025-09-26 15:05:11,945 INFO Frame received: count=13, landmarks=valid
2025-09-26 15:05:12,372 DEBUG Received message: {
  "type": "frame",
  "landmarks": [
    0.015274912118911743,
    0.46579164266586304,
    0,
    0.06380140781402588,
    0.41619187593460083,
    0,
    0.09294393658638,
    0.3358030319213867,
    0,
    0.07801294326782227,
    0.2577228546142578,
    0,
    0.056651532649993896,
    0.2111942172050476,
    0,
    0.07727295160293579,
    0.22842466831207275,
    0,
    0.08822163939476013,
    0.13607019186019897,
    0,
    0.09509611129760742,
    0.08164578676223755,
    0,
    0.10137501358985901,
    0.030825138092041016,
    0,
    0.05293765664100647,
    0.22048348188400269,
    0,
    0.06710895895957947,
    0.12166601419448853,
    0,
    0.07727155089378357,
    0.057682543992996216,
    0,
    0.08536499738693237,
    0,
    0,
    0.02860027551651001,
    0.22896814346313477,
    0,
    0.0413300096988678,
    0.13147002458572388,
    0,
    0.052020490169525146,
    0.07084918022155762,
    0,
    0.060996025800704956,
    0.01882195472717285,
    0,
    0,
    0.24839383363723755,
    0,
    0.010626554489135742,
    0.16759920120239258,
    0,
    0.023043543100357056,
    0.11626213788986206,
    0,
    0.034949690103530884,
    0.07074922323226929,
    0
  ]
}
2025-09-26 15:05:12,378 INFO Frame received: count=14, landmarks=valid
2025-09-26 15:05:12,828 DEBUG Received message: {
  "type": "frame",
  "landmarks": [
    0.040687888860702515,
    0.47783946990966797,
    0,
    0.0826108455657959,
    0.4154362082481384,
    0,
    0.10484904050827026,
    0.32793760299682617,
    0,
    0.08920088410377502,
    0.2556728720664978,
    0,
    0.060384899377822876,
    0.22039872407913208,
    0,
    0.07652333378791809,
    0.2355596423149109,
    0,
    0.08476972579956055,
    0.14383691549301147,
    0,
    0.08947861194610596,
    0.08783626556396484,
    0,
    0.09375473856925964,
    0.03705248236656189,
    0,
    0.05087321996688843,
    0.2258603572845459,
    0,
    0.05940839648246765,
    0.12471121549606323,
    0,
    0.06746658682823181,
    0.056386470794677734,
    0,
    0.07361054420471191,
    0,
    0,
    0.026982665061950684,
    0.23371660709381104,
    0,
    0.03296482563018799,
    0.13197585940361023,
    0,
    0.04341155290603638,
    0.06638044118881226,
    0,
    0.05193758010864258,
    0.013742566108703613,
    0,
    0.001902550458908081,
    0.25712406635284424,
    0,
    0,
    0.17251735925674438,
    0,
    0.005434811115264893,
    0.11607205867767334,
    0,
    0.011958301067352295,
    0.06899815797805786,
    0
  ]
}
2025-09-26 15:05:12,831 INFO Frame received: count=15, landmarks=valid
2025-09-26 15:05:13,405 DEBUG Received message: {
  "type": "frame",
  "landmarks": [
    0.057148516178131104,
    0.4789965748786926,
    0,
    0.10443294048309326,
    0.40548479557037354,
    0,
    0.13307613134384155,
    0.3112044930458069,
    0,
    0.13730445504188538,
    0.23160970211029053,
    0,
    0.12088057398796082,
    0.17019259929656982,
    0,
    0.09926977753639221,
    0.18645459413528442,
    0,
    0.11120489239692688,
    0.08616292476654053,
    0,
    0.12431517243385315,
    0.039350301027297974,
    0,
    0.1400812268257141,
    0,
    0,
    0.0723898708820343,
    0.18435919284820557,
    0,
    0.08140102028846741,
    0.0789937973022461,
    0,
    0.09939226508140564,
    0.03228077292442322,
    0,
    0.12324628233909607,
    0.0020855069160461426,
    0,
    0.04399007558822632,
    0.20270764827728271,
    0,
    0.04379037022590637,
    0.1000908613204956,
    0,
    0.0628470778465271,
    0.05274534225463867,
    0,
    0.08899399638175964,
    0.03371083736419678,
    0,
    0.011891484260559082,
    0.234031081199646,
    0,
    0,
    0.1476140022277832,
    0,
    0.014538854360580444,
    0.11572420597076416,
    0,
    0.038087934255599976,
    0.11359041929244995,
    0
  ]
}
2025-09-26 15:05:13,406 INFO Frame received: count=16, landmarks=valid
2025-09-26 15:05:13,662 DEBUG Received message: {
  "type": "frame",
  "landmarks": null
}
2025-09-26 15:05:13,663 INFO Frame received: count=17, landmarks=null
2025-09-26 15:05:14,041 DEBUG Received message: {
  "type": "frame",
  "landmarks": null
}
2025-09-26 15:05:14,041 INFO Frame received: count=18, landmarks=null
2025-09-26 15:05:14,357 DEBUG Received message: {
  "type": "frame",
  "landmarks": null
}
2025-09-26 15:05:14,357 INFO Frame received: count=19, landmarks=null
2025-09-26 15:05:14,766 DEBUG Received message: {
  "type": "frame",
  "landmarks": null
}
2025-09-26 15:05:14,770 INFO Frame received: count=20, landmarks=null
2025-09-26 15:05:15,144 DEBUG Received message: {
  "type": "frame",
  "landmarks": null
}
2025-09-26 15:05:15,145 INFO Frame received: count=21, landmarks=null
2025-09-26 15:05:15,370 DEBUG Received message: {
  "type": "frame",
  "landmarks": null
}
2025-09-26 15:05:15,372 INFO Frame received: count=22, landmarks=null
2025-09-26 15:05:15,666 DEBUG Received message: {
  "type": "frame",
  "landmarks": null
}
2025-09-26 15:05:15,669 INFO Frame received: count=23, landmarks=null
2025-09-26 15:05:15,930 DEBUG Received message: {
  "type": "frame",
  "landmarks": null
}
2025-09-26 15:05:15,930 INFO Frame received: count=24, landmarks=null
2025-09-26 15:05:16,102 DEBUG Received message: {
  "type": "frame",
  "landmarks": null
}
2025-09-26 15:05:16,103 INFO Frame received: count=25, landmarks=null
2025-09-26 15:05:16,331 DEBUG Received message: {
  "type": "frame",
  "landmarks": null
}
2025-09-26 15:05:16,331 INFO Frame received: count=26, landmarks=null
2025-09-26 15:05:16,627 DEBUG Received message: {
  "type": "frame",
  "landmarks": null
}
2025-09-26 15:05:16,628 INFO Frame received: count=27, landmarks=null
2025-09-26 15:05:16,860 DEBUG Received message: {
  "type": "frame",
  "landmarks": null
}
2025-09-26 15:05:16,861 INFO Frame received: count=28, landmarks=null
2025-09-26 15:05:17,108 DEBUG Received message: {
  "type": "frame",
  "landmarks": null
}
2025-09-26 15:05:17,110 INFO Frame received: count=29, landmarks=null
2025-09-26 15:05:17,365 DEBUG Received message: {
  "type": "frame",
  "landmarks": null
}
2025-09-26 15:05:17,366 INFO Frame received: count=30, landmarks=null
2025-09-26 15:05:17,605 DEBUG Received message: {
  "type": "frame",
  "landmarks": null
}
2025-09-26 15:05:17,606 INFO Frame received: count=31, landmarks=null
2025-09-26 15:05:17,822 DEBUG Received message: {
  "type": "frame",
  "landmarks": null
}
2025-09-26 15:05:17,835 INFO Frame received: count=32, landmarks=null
2025-09-26 15:05:18,004 DEBUG Received message: {
  "type": "frame",
  "landmarks": null
}
2025-09-26 15:05:18,004 INFO Frame received: count=33, landmarks=null
2025-09-26 15:05:18,181 DEBUG Received message: {
  "type": "frame",
  "landmarks": null
}
2025-09-26 15:05:18,182 INFO Frame received: count=34, landmarks=null
2025-09-26 15:05:18,354 DEBUG Received message: {
  "type": "frame",
  "landmarks": null
}
2025-09-26 15:05:18,354 INFO Frame received: count=35, landmarks=null
2025-09-26 15:05:18,548 DEBUG Received message: {
  "type": "frame",
  "landmarks": null
}
2025-09-26 15:05:18,553 INFO Frame received: count=36, landmarks=null
2025-09-26 15:05:18,920 DEBUG Received message: {
  "type": "frame",
  "landmarks": null
}
2025-09-26 15:05:18,921 INFO Frame received: count=37, landmarks=null
2025-09-26 15:05:19,130 DEBUG Received message: {
  "type": "frame",
  "landmarks": null
}
2025-09-26 15:05:19,132 INFO Frame received: count=38, landmarks=null
2025-09-26 15:05:19,335 DEBUG Received message: {
  "type": "frame",
  "landmarks": null
}
2025-09-26 15:05:19,337 INFO Frame received: count=39, landmarks=null
2025-09-26 15:05:19,559 DEBUG Received message: {
  "type": "frame",
  "landmarks": null
}
2025-09-26 15:05:19,560 INFO Frame received: count=40, landmarks=null
2025-09-26 15:05:19,740 DEBUG Received message: {
  "type": "frame",
  "landmarks": null
}
2025-09-26 15:05:19,740 INFO Frame received: count=41, landmarks=null
2025-09-26 15:05:19,928 DEBUG Received message: {
  "type": "frame",
  "landmarks": null
}
2025-09-26 15:05:19,928 INFO Frame received: count=42, landmarks=null
2025-09-26 15:05:20,138 DEBUG Received message: {
  "type": "frame",
  "landmarks": null
}
2025-09-26 15:05:20,139 INFO Frame received: count=43, landmarks=null
2025-09-26 15:05:20,397 DEBUG Received message: {
  "type": "frame",
  "landmarks": null
}
2025-09-26 15:05:20,397 INFO Frame received: count=44, landmarks=null
2025-09-26 15:05:20,594 DEBUG Received message: {
  "type": "frame",
  "landmarks": null
}
2025-09-26 15:05:20,597 INFO Frame received: count=45, landmarks=null
2025-09-26 15:05:20,824 DEBUG Received message: {
  "type": "frame",
  "landmarks": null
}
2025-09-26 15:05:20,824 INFO Frame received: count=46, landmarks=null
2025-09-26 15:05:21,004 DEBUG Received message: {
  "type": "frame",
  "landmarks": null
}
2025-09-26 15:05:21,004 INFO Frame received: count=47, landmarks=null
2025-09-26 15:05:21,478 DEBUG Received message: {
  "type": "frame",
  "landmarks": null
}
2025-09-26 15:05:21,478 INFO Frame received: count=48, landmarks=null
2025-09-26 15:05:21,778 DEBUG Received message: {
  "type": "frame",
  "landmarks": null
}
2025-09-26 15:05:21,778 INFO Frame received: count=49, landmarks=null
2025-09-26 15:05:22,103 DEBUG Received message: {
  "type": "frame",
  "landmarks": null
}
2025-09-26 15:05:22,105 INFO Frame received: count=50, landmarks=null
2025-09-26 15:05:22,351 DEBUG Received message: {
  "type": "frame",
  "landmarks": null
}
2025-09-26 15:05:22,354 INFO Frame received: count=51, landmarks=null
2025-09-26 15:05:22,597 DEBUG Received message: {
  "type": "frame",
  "landmarks": null
}
2025-09-26 15:05:22,604 INFO Frame received: count=52, landmarks=null
2025-09-26 15:05:22,938 DEBUG Received message: {
  "type": "frame",
  "landmarks": null
}
2025-09-26 15:05:22,938 INFO Frame received: count=53, landmarks=null
2025-09-26 15:05:23,153 DEBUG Received message: {
  "type": "frame",
  "landmarks": null
}
2025-09-26 15:05:23,153 INFO Frame received: count=54, landmarks=null
2025-09-26 15:05:23,332 DEBUG Received message: {
  "type": "frame",
  "landmarks": null
}
2025-09-26 15:05:23,332 INFO Frame received: count=55, landmarks=null
2025-09-26 15:05:23,676 DEBUG Received message: {
  "type": "frame",
  "landmarks": null
}
2025-09-26 15:05:23,677 INFO Frame received: count=56, landmarks=null
2025-09-26 15:05:23,701 DEBUG Received message: {
  "type": "reset"
}
2025-09-26 15:05:23,703 INFO Buffer reset
2025-09-26 15:05:30,822 DEBUG Received message: {
  "type": "heartbeat"
}
2025-09-26 15:05:30,824 DEBUG Heartbeat received
2025-09-26 15:06:00,809 DEBUG Received message: {
  "type": "heartbeat"
}
2025-09-26 15:06:00,809 DEBUG Heartbeat received
2025-09-26 15:06:30,818 DEBUG Received message: {
  "type": "heartbeat"
}
2025-09-26 15:06:30,819 DEBUG Heartbeat received
2025-09-26 15:07:01,679 DEBUG Received message: {
  "type": "heartbeat"
}
2025-09-26 15:07:01,679 DEBUG Heartbeat received
2025-09-26 15:07:31,681 DEBUG Received message: {
  "type": "heartbeat"
}
2025-09-26 15:07:31,681 DEBUG Heartbeat received
2025-09-26 15:08:01,678 DEBUG Received message: {
  "type": "heartbeat"
}
2025-09-26 15:08:01,681 DEBUG Heartbeat received
2025-09-26 15:08:31,673 DEBUG Received message: {
  "type": "heartbeat"
}
2025-09-26 15:08:31,673 DEBUG Heartbeat received
2025-09-26 15:09:01,682 DEBUG Received message: {
  "type": "heartbeat"
}
2025-09-26 15:09:01,684 DEBUG Heartbeat received
2025-09-26 15:09:31,677 DEBUG Received message: {
  "type": "heartbeat"
}
2025-09-26 15:09:31,678 DEBUG Heartbeat received
2025-09-26 15:09:31,881 ERROR WebSocket processing error: (1000, 'Component unmounted')
2025-09-26 15:09:31,885 ERROR WebSocket critical error: Unexpected ASGI message 'websocket.send', after sending 'websocket.close' or response already completed.
2025-09-26 15:09:31,885 DEBUG Closing WebSocket connection
2025-09-26 15:09:31,988 DEBUG WebSocket connection accepted
2025-09-26 15:09:32,022 DEBUG Received message: {
  "type": "config",
  "model": "alpha",
  "sequenceNum": 20
}
2025-09-26 15:09:32,023 INFO Config updated: model=alpha, sequenceNum=20
2025-09-26 15:10:01,686 DEBUG Received message: {
  "type": "heartbeat"
}
2025-09-26 15:10:01,687 DEBUG Heartbeat received
2025-09-26 15:10:12,791 ERROR WebSocket processing error: (1012, None)
2025-09-26 15:10:12,792 ERROR WebSocket critical error: Unexpected ASGI message 'websocket.send', after sending 'websocket.close' or response already completed.
2025-09-26 15:10:12,792 DEBUG Closing WebSocket connection
2025-09-26 15:10:12,826 ERROR WebSocket processing error: (1012, None)
2025-09-26 15:10:12,827 ERROR WebSocket critical error: Unexpected ASGI message 'websocket.send', after sending 'websocket.close' or response already completed.
2025-09-26 15:10:12,827 DEBUG Closing WebSocket connection
2025-09-26 15:10:12,836 ERROR WebSocket processing error: (1012, None)
2025-09-26 15:10:12,838 ERROR WebSocket critical error: Unexpected ASGI message 'websocket.send', after sending 'websocket.close' or response already completed.
2025-09-26 15:10:12,838 DEBUG Closing WebSocket connection
